<?xml version="1.0" encoding="UTF-8"?>
<testng-results skipped="0" failed="0" ignored="0" total="3" passed="3">
  <reporter-output>
  </reporter-output>
  <suite name="realtimeProject" duration-ms="67435" started-at="2020-03-26T18:47:03Z" finished-at="2020-03-26T18:48:11Z">
    <groups>
    </groups>
    <test name="Test1" duration-ms="35886" started-at="2020-03-26T18:47:03Z" finished-at="2020-03-26T18:47:39Z">
      <class name="com.realtimeProject.testcases.TC_LoginTest_001">
        <test-method status="PASS" signature="setup(java.lang.String)[pri:0, instance:com.realtimeProject.testcases.TC_LoginTest_001@7f560810]" name="setup" is-config="true" duration-ms="4030" started-at="2020-03-26T18:47:03Z" finished-at="2020-03-26T18:47:07Z">
          <params>
            <param index="0">
              <value>
                <![CDATA[chrome]]>
              </value>
            </param>
          </params>
          <reporter-output>
          </reporter-output>
        </test-method> <!-- setup -->
        <test-method status="PASS" signature="loginTest()[pri:0, instance:com.realtimeProject.testcases.TC_LoginTest_001@7f560810]" name="loginTest" duration-ms="17544" started-at="2020-03-26T18:47:07Z" finished-at="2020-03-26T18:47:25Z">
          <reporter-output>
          </reporter-output>
        </test-method> <!-- loginTest -->
        <test-method status="PASS" signature="tearDown()[pri:0, instance:com.realtimeProject.testcases.TC_LoginTest_001@7f560810]" name="tearDown" is-config="true" duration-ms="600" started-at="2020-03-26T18:47:25Z" finished-at="2020-03-26T18:47:26Z">
          <reporter-output>
          </reporter-output>
        </test-method> <!-- tearDown -->
      </class> <!-- com.realtimeProject.testcases.TC_LoginTest_001 -->
      <class name="com.realtimeProject.testcases.TC_AddCustomerTest_003">
        <test-method status="PASS" signature="setup(java.lang.String)[pri:0, instance:com.realtimeProject.testcases.TC_AddCustomerTest_003@69d9c55]" name="setup" is-config="true" duration-ms="3088" started-at="2020-03-26T18:47:26Z" finished-at="2020-03-26T18:47:29Z">
          <params>
            <param index="0">
              <value>
                <![CDATA[chrome]]>
              </value>
            </param>
          </params>
          <reporter-output>
          </reporter-output>
        </test-method> <!-- setup -->
        <test-method status="PASS" signature="addNewCustomer()[pri:0, instance:com.realtimeProject.testcases.TC_AddCustomerTest_003@69d9c55]" name="addNewCustomer" duration-ms="9754" started-at="2020-03-26T18:47:29Z" finished-at="2020-03-26T18:47:38Z">
          <reporter-output>
          </reporter-output>
        </test-method> <!-- addNewCustomer -->
        <test-method status="PASS" signature="tearDown()[pri:0, instance:com.realtimeProject.testcases.TC_AddCustomerTest_003@69d9c55]" name="tearDown" is-config="true" duration-ms="604" started-at="2020-03-26T18:47:38Z" finished-at="2020-03-26T18:47:39Z">
          <reporter-output>
          </reporter-output>
        </test-method> <!-- tearDown -->
      </class> <!-- com.realtimeProject.testcases.TC_AddCustomerTest_003 -->
    </test> <!-- Test1 -->
    <test name=" Test2" duration-ms="31275" started-at="2020-03-26T18:47:39Z" finished-at="2020-03-26T18:48:11Z">
      <class name="com.realtimeProject.testcases.TC_LoginTest_001">
        <test-method status="PASS" signature="setup(java.lang.String)[pri:0, instance:com.realtimeProject.testcases.TC_LoginTest_001@50c87b21]" name="setup" is-config="true" duration-ms="14234" started-at="2020-03-26T18:47:39Z" finished-at="2020-03-26T18:47:54Z">
          <params>
            <param index="0">
              <value>
                <![CDATA[firefox]]>
              </value>
            </param>
          </params>
          <reporter-output>
          </reporter-output>
        </test-method> <!-- setup -->
        <test-method status="PASS" signature="loginTest()[pri:0, instance:com.realtimeProject.testcases.TC_LoginTest_001@50c87b21]" name="loginTest" duration-ms="11372" started-at="2020-03-26T18:47:54Z" finished-at="2020-03-26T18:48:05Z">
          <reporter-output>
          </reporter-output>
        </test-method> <!-- loginTest -->
        <test-method status="PASS" signature="tearDown()[pri:0, instance:com.realtimeProject.testcases.TC_LoginTest_001@50c87b21]" name="tearDown" is-config="true" duration-ms="5668" started-at="2020-03-26T18:48:05Z" finished-at="2020-03-26T18:48:11Z">
          <reporter-output>
          </reporter-output>
        </test-method> <!-- tearDown -->
      </class> <!-- com.realtimeProject.testcases.TC_LoginTest_001 -->
    </test> <!--  Test2 -->
  </suite> <!-- realtimeProject -->
</testng-results>
